


ARM Macro Assembler    Page 1 


    1 00000000         ; <<< Use Configuration Wizard in Context Menu >>>
    2 00000000         ;*******************************************************
                       ***********************
    3 00000000         ;
    4 00000000         ; startup_rvmdk.S - Startup code for use with Keil's uVi
                       sion.
    5 00000000         ;
    6 00000000         ; Copyright (c) 2013-2014 Texas Instruments Incorporated
                       .  All rights reserved.
    7 00000000         ; Software License Agreement
    8 00000000         ; 
    9 00000000         ; Texas Instruments (TI) is supplying this software for 
                       use solely and
   10 00000000         ; exclusively on TI's microcontroller products. The soft
                       ware is owned by
   11 00000000         ; TI and/or its suppliers, and is protected under applic
                       able copyright
   12 00000000         ; laws. You may not combine this software with "viral" o
                       pen-source
   13 00000000         ; software in order to form a larger program.
   14 00000000         ; 
   15 00000000         ; THIS SOFTWARE IS PROVIDED "AS IS" AND WITH ALL FAULTS.
                       
   16 00000000         ; NO WARRANTIES, WHETHER EXPRESS, IMPLIED OR STATUTORY, 
                       INCLUDING, BUT
   17 00000000         ; NOT LIMITED TO, IMPLIED WARRANTIES OF MERCHANTABILITY 
                       AND FITNESS FOR
   18 00000000         ; A PARTICULAR PURPOSE APPLY TO THIS SOFTWARE. TI SHALL 
                       NOT, UNDER ANY
   19 00000000         ; CIRCUMSTANCES, BE LIABLE FOR SPECIAL, INCIDENTAL, OR C
                       ONSEQUENTIAL
   20 00000000         ; DAMAGES, FOR ANY REASON WHATSOEVER.
   21 00000000         ; 
   22 00000000         ; This is part of revision 2.1.0.12573 of the DK-TM4C129
                       X Firmware Package.
   23 00000000         ;
   24 00000000         ;*******************************************************
                       ***********************
   25 00000000         
   26 00000000         ;*******************************************************
                       ***********************
   27 00000000         ;
   28 00000000         ; <o> Stack Size (in Bytes) <0x0-0xFFFFFFFF:8>
   29 00000000         ;
   30 00000000         ;*******************************************************
                       ***********************
   31 00000000 00000800 
                       Stack   EQU              0x00000800
   32 00000000         
   33 00000000         ;*******************************************************
                       ***********************
   34 00000000         ;
   35 00000000         ; <o> Heap Size (in Bytes) <0x0-0xFFFFFFFF:8>
   36 00000000         ;
   37 00000000         ;*******************************************************
                       ***********************
   38 00000000 00000200 
                       Heap    EQU              0x00000200
   39 00000000         



ARM Macro Assembler    Page 2 


   40 00000000         ;*******************************************************
                       ***********************
   41 00000000         ;
   42 00000000         ; Allocate space for the stack.
   43 00000000         ;
   44 00000000         ;*******************************************************
                       ***********************
   45 00000000                 AREA             STACK, NOINIT, READWRITE, ALIGN
=3
   46 00000000         StackMem
   47 00000000                 SPACE            Stack
   48 00000800         __initial_sp
   49 00000800         
   50 00000800         ;*******************************************************
                       ***********************
   51 00000800         ;
   52 00000800         ; Allocate space for the heap.
   53 00000800         ;
   54 00000800         ;*******************************************************
                       ***********************
   55 00000800                 AREA             HEAP, NOINIT, READWRITE, ALIGN=
3
   56 00000000         __heap_base
   57 00000000         HeapMem
   58 00000000                 SPACE            Heap
   59 00000200         __heap_limit
   60 00000200         
   61 00000200         ;*******************************************************
                       ***********************
   62 00000200         ;
   63 00000200         ; Indicate that the code in this file preserves 8-byte a
                       lignment of the stack.
   64 00000200         ;
   65 00000200         ;*******************************************************
                       ***********************
   66 00000200                 PRESERVE8
   67 00000200         
   68 00000200         ;*******************************************************
                       ***********************
   69 00000200         ;
   70 00000200         ; Place code into the reset code section.
   71 00000200         ;
   72 00000200         ;*******************************************************
                       ***********************
   73 00000200                 AREA             RESET, CODE, READONLY
   74 00000000                 THUMB
   75 00000000         
   76 00000000         ;*******************************************************
                       ***********************
   77 00000000         ;
   78 00000000         ; External declarations for the interrupt handlers used 
                       by the application.
   79 00000000         ;
   80 00000000         ;*******************************************************
                       ***********************
   81 00000000                 EXTERN           USB0HostIntHandler
   82 00000000         
   83 00000000         ;*******************************************************
                       ***********************



ARM Macro Assembler    Page 3 


   84 00000000         ;
   85 00000000         ; The vector table.
   86 00000000         ;
   87 00000000         ;*******************************************************
                       ***********************
   88 00000000                 EXPORT           __Vectors
   89 00000000         __Vectors
   90 00000000 00000800        DCD              StackMem + Stack ; Top of Stack
                                                            
   91 00000004 00000000        DCD              Reset_Handler ; Reset Handler
   92 00000008 00000000        DCD              NmiSR       ; NMI Handler
   93 0000000C 00000000        DCD              FaultISR    ; Hard Fault Handle
                                                            r
   94 00000010 00000000        DCD              IntDefaultHandler ; The MPU fau
                                                            lt handler
   95 00000014 00000000        DCD              IntDefaultHandler ; The bus fau
                                                            lt handler
   96 00000018 00000000        DCD              IntDefaultHandler ; The usage f
                                                            ault handler
   97 0000001C 00000000        DCD              0           ; Reserved
   98 00000020 00000000        DCD              0           ; Reserved
   99 00000024 00000000        DCD              0           ; Reserved
  100 00000028 00000000        DCD              0           ; Reserved
  101 0000002C 00000000        DCD              IntDefaultHandler 
                                                            ; SVCall handler
  102 00000030 00000000        DCD              IntDefaultHandler ; Debug monit
                                                            or handler
  103 00000034 00000000        DCD              0           ; Reserved
  104 00000038 00000000        DCD              IntDefaultHandler ; The PendSV 
                                                            handler
  105 0000003C 00000000        DCD              IntDefaultHandler ; The SysTick
                                                             handler
  106 00000040 00000000        DCD              IntDefaultHandler ; GPIO Port A
                                                            
  107 00000044 00000000        DCD              IntDefaultHandler ; GPIO Port B
                                                            
  108 00000048 00000000        DCD              IntDefaultHandler ; GPIO Port C
                                                            
  109 0000004C 00000000        DCD              IntDefaultHandler ; GPIO Port D
                                                            
  110 00000050 00000000        DCD              IntDefaultHandler ; GPIO Port E
                                                            
  111 00000054 00000000        DCD              IntDefaultHandler 
                                                            ; UART0 Rx and Tx
  112 00000058 00000000        DCD              IntDefaultHandler 
                                                            ; UART1 Rx and Tx
  113 0000005C 00000000        DCD              IntDefaultHandler 
                                                            ; SSI0 Rx and Tx
  114 00000060 00000000        DCD              IntDefaultHandler ; I2C0 Master
                                                             and Slave
  115 00000064 00000000        DCD              IntDefaultHandler ; PWM Fault
  116 00000068 00000000        DCD              IntDefaultHandler 
                                                            ; PWM Generator 0
  117 0000006C 00000000        DCD              IntDefaultHandler 
                                                            ; PWM Generator 1
  118 00000070 00000000        DCD              IntDefaultHandler 
                                                            ; PWM Generator 2
  119 00000074 00000000        DCD              IntDefaultHandler ; Quadrature 
                                                            Encoder 0



ARM Macro Assembler    Page 4 


  120 00000078 00000000        DCD              IntDefaultHandler 
                                                            ; ADC Sequence 0
  121 0000007C 00000000        DCD              IntDefaultHandler 
                                                            ; ADC Sequence 1
  122 00000080 00000000        DCD              IntDefaultHandler 
                                                            ; ADC Sequence 2
  123 00000084 00000000        DCD              IntDefaultHandler 
                                                            ; ADC Sequence 3
  124 00000088 00000000        DCD              IntDefaultHandler 
                                                            ; Watchdog timer
  125 0000008C 00000000        DCD              IntDefaultHandler ; Timer 0 sub
                                                            timer A
  126 00000090 00000000        DCD              IntDefaultHandler ; Timer 0 sub
                                                            timer B
  127 00000094 00000000        DCD              IntDefaultHandler ; Timer 1 sub
                                                            timer A
  128 00000098 00000000        DCD              IntDefaultHandler ; Timer 1 sub
                                                            timer B
  129 0000009C 00000000        DCD              IntDefaultHandler ; Timer 2 sub
                                                            timer A
  130 000000A0 00000000        DCD              IntDefaultHandler ; Timer 2 sub
                                                            timer B
  131 000000A4 00000000        DCD              IntDefaultHandler ; Analog Comp
                                                            arator 0
  132 000000A8 00000000        DCD              IntDefaultHandler ; Analog Comp
                                                            arator 1
  133 000000AC 00000000        DCD              IntDefaultHandler ; Analog Comp
                                                            arator 2
  134 000000B0 00000000        DCD              IntDefaultHandler ; System Cont
                                                            rol (PLL, OSC, BO)
  135 000000B4 00000000        DCD              IntDefaultHandler 
                                                            ; FLASH Control
  136 000000B8 00000000        DCD              IntDefaultHandler ; GPIO Port F
                                                            
  137 000000BC 00000000        DCD              IntDefaultHandler ; GPIO Port G
                                                            
  138 000000C0 00000000        DCD              IntDefaultHandler ; GPIO Port H
                                                            
  139 000000C4 00000000        DCD              IntDefaultHandler 
                                                            ; UART2 Rx and Tx
  140 000000C8 00000000        DCD              IntDefaultHandler 
                                                            ; SSI1 Rx and Tx
  141 000000CC 00000000        DCD              IntDefaultHandler ; Timer 3 sub
                                                            timer A
  142 000000D0 00000000        DCD              IntDefaultHandler ; Timer 3 sub
                                                            timer B
  143 000000D4 00000000        DCD              IntDefaultHandler ; I2C1 Master
                                                             and Slave
  144 000000D8 00000000        DCD              IntDefaultHandler ; CAN0
  145 000000DC 00000000        DCD              IntDefaultHandler ; CAN1
  146 000000E0 00000000        DCD              IntDefaultHandler ; Ethernet
  147 000000E4 00000000        DCD              IntDefaultHandler ; Hibernate
  148 000000E8 00000000        DCD              USB0HostIntHandler ; USB0
  149 000000EC 00000000        DCD              IntDefaultHandler 
                                                            ; PWM Generator 3
  150 000000F0 00000000        DCD              IntDefaultHandler ; uDMA Softwa
                                                            re Transfer
  151 000000F4 00000000        DCD              IntDefaultHandler ; uDMA Error
  152 000000F8 00000000        DCD              IntDefaultHandler 



ARM Macro Assembler    Page 5 


                                                            ; ADC1 Sequence 0
  153 000000FC 00000000        DCD              IntDefaultHandler 
                                                            ; ADC1 Sequence 1
  154 00000100 00000000        DCD              IntDefaultHandler 
                                                            ; ADC1 Sequence 2
  155 00000104 00000000        DCD              IntDefaultHandler 
                                                            ; ADC1 Sequence 3
  156 00000108 00000000        DCD              IntDefaultHandler ; External Bu
                                                            s Interface 0
  157 0000010C 00000000        DCD              IntDefaultHandler ; GPIO Port J
                                                            
  158 00000110 00000000        DCD              IntDefaultHandler ; GPIO Port K
                                                            
  159 00000114 00000000        DCD              IntDefaultHandler ; GPIO Port L
                                                            
  160 00000118 00000000        DCD              IntDefaultHandler 
                                                            ; SSI2 Rx and Tx
  161 0000011C 00000000        DCD              IntDefaultHandler 
                                                            ; SSI3 Rx and Tx
  162 00000120 00000000        DCD              IntDefaultHandler 
                                                            ; UART3 Rx and Tx
  163 00000124 00000000        DCD              IntDefaultHandler 
                                                            ; UART4 Rx and Tx
  164 00000128 00000000        DCD              IntDefaultHandler 
                                                            ; UART5 Rx and Tx
  165 0000012C 00000000        DCD              IntDefaultHandler 
                                                            ; UART6 Rx and Tx
  166 00000130 00000000        DCD              IntDefaultHandler 
                                                            ; UART7 Rx and Tx
  167 00000134 00000000        DCD              IntDefaultHandler ; I2C2 Master
                                                             and Slave
  168 00000138 00000000        DCD              IntDefaultHandler ; I2C3 Master
                                                             and Slave
  169 0000013C 00000000        DCD              IntDefaultHandler ; Timer 4 sub
                                                            timer A
  170 00000140 00000000        DCD              IntDefaultHandler ; Timer 4 sub
                                                            timer B
  171 00000144 00000000        DCD              IntDefaultHandler ; Timer 5 sub
                                                            timer A
  172 00000148 00000000        DCD              IntDefaultHandler ; Timer 5 sub
                                                            timer B
  173 0000014C 00000000        DCD              IntDefaultHandler ; FPU
  174 00000150 00000000        DCD              0           ; Reserved
  175 00000154 00000000        DCD              0           ; Reserved
  176 00000158 00000000        DCD              IntDefaultHandler ; I2C4 Master
                                                             and Slave
  177 0000015C 00000000        DCD              IntDefaultHandler ; I2C5 Master
                                                             and Slave
  178 00000160 00000000        DCD              IntDefaultHandler ; GPIO Port M
                                                            
  179 00000164 00000000        DCD              IntDefaultHandler ; GPIO Port N
                                                            
  180 00000168 00000000        DCD              0           ; Reserved
  181 0000016C 00000000        DCD              IntDefaultHandler ; Tamper
  182 00000170 00000000        DCD              IntDefaultHandler ; GPIO Port P
                                                             (Summary or P0)
  183 00000174 00000000        DCD              IntDefaultHandler 
                                                            ; GPIO Port P1
  184 00000178 00000000        DCD              IntDefaultHandler 



ARM Macro Assembler    Page 6 


                                                            ; GPIO Port P2
  185 0000017C 00000000        DCD              IntDefaultHandler 
                                                            ; GPIO Port P3
  186 00000180 00000000        DCD              IntDefaultHandler 
                                                            ; GPIO Port P4
  187 00000184 00000000        DCD              IntDefaultHandler 
                                                            ; GPIO Port P5
  188 00000188 00000000        DCD              IntDefaultHandler 
                                                            ; GPIO Port P6
  189 0000018C 00000000        DCD              IntDefaultHandler 
                                                            ; GPIO Port P7
  190 00000190 00000000        DCD              IntDefaultHandler ; GPIO Port Q
                                                             (Summary or Q0)
  191 00000194 00000000        DCD              IntDefaultHandler 
                                                            ; GPIO Port Q1
  192 00000198 00000000        DCD              IntDefaultHandler 
                                                            ; GPIO Port Q2
  193 0000019C 00000000        DCD              IntDefaultHandler 
                                                            ; GPIO Port Q3
  194 000001A0 00000000        DCD              IntDefaultHandler 
                                                            ; GPIO Port Q4
  195 000001A4 00000000        DCD              IntDefaultHandler 
                                                            ; GPIO Port Q5
  196 000001A8 00000000        DCD              IntDefaultHandler 
                                                            ; GPIO Port Q6
  197 000001AC 00000000        DCD              IntDefaultHandler 
                                                            ; GPIO Port Q7
  198 000001B0 00000000        DCD              IntDefaultHandler ; GPIO Port R
                                                            
  199 000001B4 00000000        DCD              IntDefaultHandler ; GPIO Port S
                                                            
  200 000001B8 00000000        DCD              IntDefaultHandler ; SHA/MD5 0
  201 000001BC 00000000        DCD              IntDefaultHandler ; AES 0
  202 000001C0 00000000        DCD              IntDefaultHandler ; DES3DES 0
  203 000001C4 00000000        DCD              IntDefaultHandler 
                                                            ; LCD Controller 0
  204 000001C8 00000000        DCD              IntDefaultHandler ; Timer 6 sub
                                                            timer A
  205 000001CC 00000000        DCD              IntDefaultHandler ; Timer 6 sub
                                                            timer B
  206 000001D0 00000000        DCD              IntDefaultHandler ; Timer 7 sub
                                                            timer A
  207 000001D4 00000000        DCD              IntDefaultHandler ; Timer 7 sub
                                                            timer B
  208 000001D8 00000000        DCD              IntDefaultHandler ; I2C6 Master
                                                             and Slave
  209 000001DC 00000000        DCD              IntDefaultHandler ; I2C7 Master
                                                             and Slave
  210 000001E0 00000000        DCD              IntDefaultHandler ; HIM Scan Ma
                                                            trix Keyboard 0
  211 000001E4 00000000        DCD              IntDefaultHandler ; One Wire 0
  212 000001E8 00000000        DCD              IntDefaultHandler ; HIM PS/2 0
  213 000001EC 00000000        DCD              IntDefaultHandler ; HIM LED Seq
                                                            uencer 0
  214 000001F0 00000000        DCD              IntDefaultHandler 
                                                            ; HIM Consumer IR 0
                                                            
  215 000001F4 00000000        DCD              IntDefaultHandler ; I2C8 Master
                                                             and Slave



ARM Macro Assembler    Page 7 


  216 000001F8 00000000        DCD              IntDefaultHandler ; I2C9 Master
                                                             and Slave
  217 000001FC 00000000        DCD              IntDefaultHandler ; GPIO Port T
                                                            
  218 00000200         
  219 00000200         ;*******************************************************
                       ***********************
  220 00000200         ;
  221 00000200         ; This is the code that gets called when the processor f
                       irst starts execution
  222 00000200         ; following a reset event.
  223 00000200         ;
  224 00000200         ;*******************************************************
                       ***********************
  225 00000200                 EXPORT           Reset_Handler
  226 00000200         Reset_Handler
  227 00000200         ;
  228 00000200         ; Enable the floating-point unit.  This must be done her
                       e to handle the
  229 00000200         ; case where main() uses floating-point and the function
                        prologue saves
  230 00000200         ; floating-point registers (which will fault if floating
                       -point is not
  231 00000200         ; enabled).  Any configuration of the floating-point uni
                       t using
  232 00000200         ; DriverLib APIs must be done here prior to the floating
                       -point unit
  233 00000200         ; being enabled.
  234 00000200         ;
  235 00000200         ; Note that this does not use DriverLib since it might n
                       ot be included
  236 00000200         ; in this project.
  237 00000200         ;
  238 00000200 F64E 5088       MOVW             R0, #0xED88
  239 00000204 F2CE 0000       MOVT             R0, #0xE000
  240 00000208 6801            LDR              R1, [R0]
  241 0000020A F441 0170       ORR              R1, #0x00F00000
  242 0000020E 6001            STR              R1, [R0]
  243 00000210         
  244 00000210         ;
  245 00000210         ; Call the C library enty point that handles startup.  T
                       his will copy
  246 00000210         ; the .data section initializers from flash to SRAM and 
                       zero fill the
  247 00000210         ; .bss section.
  248 00000210         ;
  249 00000210                 IMPORT           __main
  250 00000210 F7FF BFFE       B                __main
  251 00000214         
  252 00000214         ;*******************************************************
                       ***********************
  253 00000214         ;
  254 00000214         ; This is the code that gets called when the processor r
                       eceives a NMI.  This
  255 00000214         ; simply enters an infinite loop, preserving the system 
                       state for examination
  256 00000214         ; by a debugger.
  257 00000214         ;
  258 00000214         ;*******************************************************



ARM Macro Assembler    Page 8 


                       ***********************
  259 00000214         NmiSR
  260 00000214 E7FE            B                NmiSR
  261 00000216         
  262 00000216         ;*******************************************************
                       ***********************
  263 00000216         ;
  264 00000216         ; This is the code that gets called when the processor r
                       eceives a fault
  265 00000216         ; interrupt.  This simply enters an infinite loop, prese
                       rving the system state
  266 00000216         ; for examination by a debugger.
  267 00000216         ;
  268 00000216         ;*******************************************************
                       ***********************
  269 00000216         FaultISR
  270 00000216 E7FE            B                FaultISR
  271 00000218         
  272 00000218         ;*******************************************************
                       ***********************
  273 00000218         ;
  274 00000218         ; This is the code that gets called when the processor r
                       eceives an unexpected
  275 00000218         ; interrupt.  This simply enters an infinite loop, prese
                       rving the system state
  276 00000218         ; for examination by a debugger.
  277 00000218         ;
  278 00000218         ;*******************************************************
                       ***********************
  279 00000218         IntDefaultHandler
  280 00000218 E7FE            B                IntDefaultHandler
  281 0000021A         
  282 0000021A         ;*******************************************************
                       ***********************
  283 0000021A         ;
  284 0000021A         ; Make sure the end of this section is aligned.
  285 0000021A         ;
  286 0000021A         ;*******************************************************
                       ***********************
  287 0000021A 00 00           ALIGN
  288 0000021C         
  289 0000021C         ;*******************************************************
                       ***********************
  290 0000021C         ;
  291 0000021C         ; Some code in the normal code section for initializing 
                       the heap and stack.
  292 0000021C         ;
  293 0000021C         ;*******************************************************
                       ***********************
  294 0000021C                 AREA             |.text|, CODE, READONLY
  295 00000000         
  296 00000000         ;*******************************************************
                       ***********************
  297 00000000         ;
  298 00000000         ; The function expected of the C library startup code fo
                       r defining the stack
  299 00000000         ; and heap memory locations.  For the C library version 
                       of the startup code,
  300 00000000         ; provide this function so that the C library initializa



ARM Macro Assembler    Page 9 


                       tion code can find out
  301 00000000         ; the location of the stack and heap.
  302 00000000         ;
  303 00000000         ;*******************************************************
                       ***********************
  304 00000000                 IF               :DEF: __MICROLIB
  305 00000000                 EXPORT           __initial_sp
  306 00000000                 EXPORT           __heap_base
  307 00000000                 EXPORT           __heap_limit
  308 00000000                 ELSE
  317                          ENDIF
  318 00000000         
  319 00000000         ;*******************************************************
                       ***********************
  320 00000000         ;
  321 00000000         ; Make sure the end of this section is aligned.
  322 00000000         ;
  323 00000000         ;*******************************************************
                       ***********************
  324 00000000                 ALIGN
  325 00000000         
  326 00000000         ;*******************************************************
                       ***********************
  327 00000000         ;
  328 00000000         ; Tell the assembler that we're done.
  329 00000000         ;
  330 00000000         ;*******************************************************
                       ***********************
  331 00000000                 END
Command Line: --debug --xref --diag_suppress=9931 --cpu=Cortex-M4.fp.sp --apcs=
interwork --depend=.\rvmdk\startup_rvmdk.d -o.\rvmdk\startup_rvmdk.o -IC:\Users
\Window\AppData\Local\Arm\Packs\Keil\TM4C_DFP\1.1.0\Device\Include\TM4C129 -IC:
\Keil_v5\ARM\CMSIS\Include --predefine="__MICROLIB SETA 1" --predefine="__UVISI
ON_VERSION SETA 535" --predefine="TM4C129ENCPDT SETA 1" --list=.\rvmdk\startup_
rvmdk.lst Src\startup_rvmdk.S



ARM Macro Assembler    Page 1 Alphabetic symbol ordering
Relocatable symbols

STACK 00000000

Symbol: STACK
   Definitions
      At line 45 in file Src\startup_rvmdk.S
   Uses
      None
Comment: STACK unused
StackMem 00000000

Symbol: StackMem
   Definitions
      At line 46 in file Src\startup_rvmdk.S
   Uses
      At line 90 in file Src\startup_rvmdk.S
Comment: StackMem used once
__initial_sp 00000800

Symbol: __initial_sp
   Definitions
      At line 48 in file Src\startup_rvmdk.S
   Uses
      At line 305 in file Src\startup_rvmdk.S
Comment: __initial_sp used once
3 symbols



ARM Macro Assembler    Page 1 Alphabetic symbol ordering
Relocatable symbols

HEAP 00000000

Symbol: HEAP
   Definitions
      At line 55 in file Src\startup_rvmdk.S
   Uses
      None
Comment: HEAP unused
HeapMem 00000000

Symbol: HeapMem
   Definitions
      At line 57 in file Src\startup_rvmdk.S
   Uses
      None
Comment: HeapMem unused
__heap_base 00000000

Symbol: __heap_base
   Definitions
      At line 56 in file Src\startup_rvmdk.S
   Uses
      At line 306 in file Src\startup_rvmdk.S
Comment: __heap_base used once
__heap_limit 00000200

Symbol: __heap_limit
   Definitions
      At line 59 in file Src\startup_rvmdk.S
   Uses
      At line 307 in file Src\startup_rvmdk.S
Comment: __heap_limit used once
4 symbols



ARM Macro Assembler    Page 1 Alphabetic symbol ordering
Relocatable symbols

FaultISR 00000216

Symbol: FaultISR
   Definitions
      At line 269 in file Src\startup_rvmdk.S
   Uses
      At line 93 in file Src\startup_rvmdk.S
      At line 270 in file Src\startup_rvmdk.S

IntDefaultHandler 00000218

Symbol: IntDefaultHandler
   Definitions
      At line 279 in file Src\startup_rvmdk.S
   Uses
      At line 94 in file Src\startup_rvmdk.S
      At line 95 in file Src\startup_rvmdk.S
      At line 96 in file Src\startup_rvmdk.S
      At line 101 in file Src\startup_rvmdk.S
      At line 102 in file Src\startup_rvmdk.S
      At line 104 in file Src\startup_rvmdk.S
      At line 105 in file Src\startup_rvmdk.S
      At line 106 in file Src\startup_rvmdk.S
      At line 107 in file Src\startup_rvmdk.S
      At line 108 in file Src\startup_rvmdk.S
      At line 109 in file Src\startup_rvmdk.S
      At line 110 in file Src\startup_rvmdk.S
      At line 111 in file Src\startup_rvmdk.S
      At line 112 in file Src\startup_rvmdk.S
      At line 113 in file Src\startup_rvmdk.S
      At line 114 in file Src\startup_rvmdk.S
      At line 115 in file Src\startup_rvmdk.S
      At line 116 in file Src\startup_rvmdk.S
      At line 117 in file Src\startup_rvmdk.S
      At line 118 in file Src\startup_rvmdk.S
      At line 119 in file Src\startup_rvmdk.S
      At line 120 in file Src\startup_rvmdk.S
      At line 121 in file Src\startup_rvmdk.S
      At line 122 in file Src\startup_rvmdk.S
      At line 123 in file Src\startup_rvmdk.S
      At line 124 in file Src\startup_rvmdk.S
      At line 125 in file Src\startup_rvmdk.S
      At line 126 in file Src\startup_rvmdk.S
      At line 127 in file Src\startup_rvmdk.S
      At line 128 in file Src\startup_rvmdk.S
      At line 129 in file Src\startup_rvmdk.S
      At line 130 in file Src\startup_rvmdk.S
      At line 131 in file Src\startup_rvmdk.S
      At line 132 in file Src\startup_rvmdk.S
      At line 133 in file Src\startup_rvmdk.S
      At line 134 in file Src\startup_rvmdk.S
      At line 135 in file Src\startup_rvmdk.S
      At line 136 in file Src\startup_rvmdk.S
      At line 137 in file Src\startup_rvmdk.S
      At line 138 in file Src\startup_rvmdk.S
      At line 139 in file Src\startup_rvmdk.S
      At line 140 in file Src\startup_rvmdk.S
      At line 141 in file Src\startup_rvmdk.S
      At line 142 in file Src\startup_rvmdk.S



ARM Macro Assembler    Page 2 Alphabetic symbol ordering
Relocatable symbols

      At line 143 in file Src\startup_rvmdk.S
      At line 144 in file Src\startup_rvmdk.S
      At line 145 in file Src\startup_rvmdk.S
      At line 146 in file Src\startup_rvmdk.S
      At line 147 in file Src\startup_rvmdk.S
      At line 149 in file Src\startup_rvmdk.S
      At line 150 in file Src\startup_rvmdk.S
      At line 151 in file Src\startup_rvmdk.S
      At line 152 in file Src\startup_rvmdk.S
      At line 153 in file Src\startup_rvmdk.S
      At line 154 in file Src\startup_rvmdk.S
      At line 155 in file Src\startup_rvmdk.S
      At line 156 in file Src\startup_rvmdk.S
      At line 157 in file Src\startup_rvmdk.S
      At line 158 in file Src\startup_rvmdk.S
      At line 159 in file Src\startup_rvmdk.S
      At line 160 in file Src\startup_rvmdk.S
      At line 161 in file Src\startup_rvmdk.S
      At line 162 in file Src\startup_rvmdk.S
      At line 163 in file Src\startup_rvmdk.S
      At line 164 in file Src\startup_rvmdk.S
      At line 165 in file Src\startup_rvmdk.S
      At line 166 in file Src\startup_rvmdk.S
      At line 167 in file Src\startup_rvmdk.S
      At line 168 in file Src\startup_rvmdk.S
      At line 169 in file Src\startup_rvmdk.S
      At line 170 in file Src\startup_rvmdk.S
      At line 171 in file Src\startup_rvmdk.S
      At line 172 in file Src\startup_rvmdk.S
      At line 173 in file Src\startup_rvmdk.S
      At line 176 in file Src\startup_rvmdk.S
      At line 177 in file Src\startup_rvmdk.S
      At line 178 in file Src\startup_rvmdk.S
      At line 179 in file Src\startup_rvmdk.S
      At line 181 in file Src\startup_rvmdk.S
      At line 182 in file Src\startup_rvmdk.S
      At line 183 in file Src\startup_rvmdk.S
      At line 184 in file Src\startup_rvmdk.S
      At line 185 in file Src\startup_rvmdk.S
      At line 186 in file Src\startup_rvmdk.S
      At line 187 in file Src\startup_rvmdk.S
      At line 188 in file Src\startup_rvmdk.S
      At line 189 in file Src\startup_rvmdk.S
      At line 190 in file Src\startup_rvmdk.S
      At line 191 in file Src\startup_rvmdk.S
      At line 192 in file Src\startup_rvmdk.S
      At line 193 in file Src\startup_rvmdk.S
      At line 194 in file Src\startup_rvmdk.S
      At line 195 in file Src\startup_rvmdk.S
      At line 196 in file Src\startup_rvmdk.S
      At line 197 in file Src\startup_rvmdk.S
      At line 198 in file Src\startup_rvmdk.S
      At line 199 in file Src\startup_rvmdk.S
      At line 200 in file Src\startup_rvmdk.S
      At line 201 in file Src\startup_rvmdk.S
      At line 202 in file Src\startup_rvmdk.S
      At line 203 in file Src\startup_rvmdk.S
      At line 204 in file Src\startup_rvmdk.S
      At line 205 in file Src\startup_rvmdk.S



ARM Macro Assembler    Page 3 Alphabetic symbol ordering
Relocatable symbols

      At line 206 in file Src\startup_rvmdk.S
      At line 207 in file Src\startup_rvmdk.S
      At line 208 in file Src\startup_rvmdk.S
      At line 209 in file Src\startup_rvmdk.S
      At line 210 in file Src\startup_rvmdk.S
      At line 211 in file Src\startup_rvmdk.S
      At line 212 in file Src\startup_rvmdk.S
      At line 213 in file Src\startup_rvmdk.S
      At line 214 in file Src\startup_rvmdk.S
      At line 215 in file Src\startup_rvmdk.S
      At line 216 in file Src\startup_rvmdk.S
      At line 217 in file Src\startup_rvmdk.S
      At line 280 in file Src\startup_rvmdk.S

NmiSR 00000214

Symbol: NmiSR
   Definitions
      At line 259 in file Src\startup_rvmdk.S
   Uses
      At line 92 in file Src\startup_rvmdk.S
      At line 260 in file Src\startup_rvmdk.S

RESET 00000000

Symbol: RESET
   Definitions
      At line 73 in file Src\startup_rvmdk.S
   Uses
      None
Comment: RESET unused
Reset_Handler 00000200

Symbol: Reset_Handler
   Definitions
      At line 226 in file Src\startup_rvmdk.S
   Uses
      At line 91 in file Src\startup_rvmdk.S
      At line 225 in file Src\startup_rvmdk.S

__Vectors 00000000

Symbol: __Vectors
   Definitions
      At line 89 in file Src\startup_rvmdk.S
   Uses
      At line 88 in file Src\startup_rvmdk.S
Comment: __Vectors used once
6 symbols



ARM Macro Assembler    Page 1 Alphabetic symbol ordering
Relocatable symbols

.text 00000000

Symbol: .text
   Definitions
      At line 294 in file Src\startup_rvmdk.S
   Uses
      None
Comment: .text unused
1 symbol



ARM Macro Assembler    Page 1 Alphabetic symbol ordering
Absolute symbols

Heap 00000200

Symbol: Heap
   Definitions
      At line 38 in file Src\startup_rvmdk.S
   Uses
      At line 58 in file Src\startup_rvmdk.S
Comment: Heap used once
Stack 00000800

Symbol: Stack
   Definitions
      At line 31 in file Src\startup_rvmdk.S
   Uses
      At line 47 in file Src\startup_rvmdk.S
      At line 90 in file Src\startup_rvmdk.S

2 symbols



ARM Macro Assembler    Page 1 Alphabetic symbol ordering
External symbols

USB0HostIntHandler 00000000

Symbol: USB0HostIntHandler
   Definitions
      At line 81 in file Src\startup_rvmdk.S
   Uses
      At line 148 in file Src\startup_rvmdk.S
Comment: USB0HostIntHandler used once
__main 00000000

Symbol: __main
   Definitions
      At line 249 in file Src\startup_rvmdk.S
   Uses
      At line 250 in file Src\startup_rvmdk.S
Comment: __main used once
2 symbols
352 symbols in table
